<?xml version="1.0" encoding="utf-8"?><testsuites name="pytest tests"><testsuite name="pytest" errors="0" failures="0" skipped="0" tests="5" time="14.049" timestamp="2025-09-22T17:14:09.104418+08:00" hostname="kabir-System-Product-Name"><testcase classname="tests.test_google" name="test_google_title" time="13.935" /><testcase classname="tests.test_sample" name="test_addition" time="0.000" /><testcase classname="tests.test_sample" name="test_subtraction" time="0.000" /><testcase classname="tests.test_sample" name="test_multiplication" time="0.000" /><testcase classname="tests.test_sample" name="test_division" time="0.000" /></testsuite></testsuites>